[05:18:45] [ServerMain/INFO]: [bootstrap] Running Java 21 (OpenJDK 64-Bit Server VM 21.0.9+10-Debian-1deb13u1; Debian null) on Linux 6.12.46-66.121.amzn2023.x86_64 (amd64)
[05:18:45] [ServerMain/INFO]: [bootstrap] Loading Purpur 1.21.8-2497-HEAD@a49cdb9 (2025-09-19T01:51:04Z) for Minecraft 1.21.8
[05:18:46] [ServerMain/INFO]: [PluginInitializerManager] Initializing plugins...
[05:18:46] [ServerMain/INFO]: [PluginInitializerManager] Initialized 0 plugins
[05:18:53] [ServerMain/INFO]: Environment: Environment[sessionHost=https://sessionserver.mojang.com, servicesHost=https://api.minecraftservices.com, name=PROD]
[05:18:56] [ServerMain/INFO]: Loaded 1407 recipes
[05:18:56] [ServerMain/INFO]: Loaded 1520 advancements
[05:18:56] [ServerMain/INFO]: [ca.spottedleaf.dataconverter.minecraft.datatypes.MCTypeRegistry] Initialising converters for DataConverter...
[05:18:56] [ServerMain/INFO]: [ca.spottedleaf.dataconverter.minecraft.datatypes.MCTypeRegistry] Finished initialising converters for DataConverter in 448.3ms
[05:18:56] [Server thread/INFO]: Starting minecraft server version 1.21.8
[05:18:56] [Server thread/INFO]: Loading properties
[05:18:56] [Server thread/INFO]: This server is running Purpur version 1.21.8-2497-HEAD@a49cdb9 (2025-09-19T01:51:04Z) (Implementing API version 1.21.8-R0.1-SNAPSHOT)
[05:18:56] [Server thread/INFO]: [spark] This server bundles the spark profiler. For more information please visit https://docs.papermc.io/paper/profiling
[05:18:56] [Server thread/INFO]: Server Ping Player Sample Count: 12
[05:18:56] [Server thread/INFO]: Using 4 threads for Netty based IO
[05:18:58] [Server thread/INFO]: [MoonriseCommon] Paper is using 1 worker threads, 1 I/O threads
[05:18:58] [Server thread/INFO]: [ChunkTaskScheduler] Chunk system is using population gen parallelism: true
[05:18:58] [Server thread/ERROR]: [MapSerializer] Could not deserialize key grass into class net.minecraft.world.item.Item at [entities, spawning, alt-item-despawn-rate, items]: Missing value in Registry[ResourceKey[minecraft:root / minecraft:item] (Stable)] with key minecraft:grass
[05:18:58] [Server thread/ERROR]: [MapSerializer] Could not deserialize key potion into net.minecraft.world.entity.EntityType<?> at [chunks, entity-per-chunk-save-limit]: Missing value in Registry[ResourceKey[minecraft:root / minecraft:entity_type] (Stable)] with key minecraft:potion
[05:18:59] [Server thread/INFO]: Default game type: SURVIVAL
[05:18:59] [Server thread/INFO]: Generating keypair
[05:18:59] [Server thread/INFO]: Starting Minecraft server on *:7860
[05:18:59] [Server thread/INFO]: Using epoll channel type
[05:18:59] [Server thread/INFO]: Paper: Using libdeflate (Linux x86_64) compression from Velocity.
[05:18:59] [Server thread/INFO]: Paper: Using OpenSSL 3.x.x (Linux x86_64) cipher from Velocity.
[05:18:59] [Server thread/INFO]: Server permissions file permissions.yml is empty, ignoring it
[05:18:59] [Server thread/WARN]: **** SERVER IS RUNNING IN OFFLINE/INSECURE MODE!
[05:18:59] [Server thread/WARN]: The server will make no attempt to authenticate usernames. Beware.
[05:18:59] [Server thread/WARN]: While this makes the game possible to play without internet access, it also opens up the ability for hackers to connect with any username they choose.
[05:18:59] [Server thread/WARN]: To change this, set "online-mode" to "true" in the server.properties file.
[05:18:59] [Server thread/INFO]: Preparing level "world"
[05:18:59] [Server thread/ERROR]: [MapSerializer] Could not deserialize key grass into class net.minecraft.world.item.Item at [entities, spawning, alt-item-despawn-rate, items]: Missing value in Registry[ResourceKey[minecraft:root / minecraft:item] (Stable)] with key minecraft:grass
[05:18:59] [Server thread/ERROR]: [MapSerializer] Could not deserialize key potion into net.minecraft.world.entity.EntityType<?> at [chunks, entity-per-chunk-save-limit]: Missing value in Registry[ResourceKey[minecraft:root / minecraft:entity_type] (Stable)] with key minecraft:potion
[05:18:59] [Server thread/ERROR]: Unknown value for `blocks.bed.explosion-effect`! Using default of `BLOCK`
[05:18:59] [Server thread/ERROR]: Unknown value for `blocks.end-crystal.baseless.explosion-effect`! Using default of `BLOCK`
[05:18:59] [Server thread/ERROR]: Unknown value for `blocks.end-crystal.base.explosion-effect`! Using default of `BLOCK`
[05:18:59] [Server thread/ERROR]: Unknown value for `blocks.respawn_anchor.explosion-effect`! Using default of `BLOCK`
[05:19:00] [Server thread/ERROR]: [MapSerializer] Could not deserialize key grass into class net.minecraft.world.item.Item at [entities, spawning, alt-item-despawn-rate, items]: Missing value in Registry[ResourceKey[minecraft:root / minecraft:item] (Stable)] with key minecraft:grass
[05:19:00] [Server thread/ERROR]: [MapSerializer] Could not deserialize key potion into net.minecraft.world.entity.EntityType<?> at [chunks, entity-per-chunk-save-limit]: Missing value in Registry[ResourceKey[minecraft:root / minecraft:entity_type] (Stable)] with key minecraft:potion
[05:19:00] [Server thread/ERROR]: Unknown value for `blocks.bed.explosion-effect`! Using default of `BLOCK`
[05:19:00] [Server thread/ERROR]: Unknown value for `blocks.end-crystal.baseless.explosion-effect`! Using default of `BLOCK`
[05:19:00] [Server thread/ERROR]: Unknown value for `blocks.end-crystal.base.explosion-effect`! Using default of `BLOCK`
[05:19:00] [Server thread/ERROR]: Unknown value for `blocks.respawn_anchor.explosion-effect`! Using default of `BLOCK`
[05:19:00] [Server thread/ERROR]: [MapSerializer] Could not deserialize key grass into class net.minecraft.world.item.Item at [entities, spawning, alt-item-despawn-rate, items]: Missing value in Registry[ResourceKey[minecraft:root / minecraft:item] (Stable)] with key minecraft:grass
[05:19:00] [Server thread/ERROR]: [MapSerializer] Could not deserialize key potion into net.minecraft.world.entity.EntityType<?> at [chunks, entity-per-chunk-save-limit]: Missing value in Registry[ResourceKey[minecraft:root / minecraft:entity_type] (Stable)] with key minecraft:potion
[05:19:00] [Server thread/ERROR]: Unknown value for `blocks.bed.explosion-effect`! Using default of `BLOCK`
[05:19:00] [Server thread/ERROR]: Unknown value for `blocks.end-crystal.baseless.explosion-effect`! Using default of `BLOCK`
[05:19:00] [Server thread/ERROR]: Unknown value for `blocks.end-crystal.base.explosion-effect`! Using default of `BLOCK`
[05:19:00] [Server thread/ERROR]: Unknown value for `blocks.respawn_anchor.explosion-effect`! Using default of `BLOCK`
[05:19:00] [Server thread/INFO]: Preparing start region for dimension minecraft:overworld
[05:19:00] [Server thread/INFO]: Preparing spawn area: 0%
[05:19:00] [Server thread/INFO]: Preparing spawn area: 2%
[05:19:01] [Server thread/INFO]: Preparing spawn area: 28%
[05:19:01] [Server thread/INFO]: Time elapsed: 1288 ms
[05:19:01] [Server thread/INFO]: Preparing start region for dimension minecraft:the_nether
[05:19:01] [Server thread/INFO]: Preparing spawn area: 0%
[05:19:01] [Server thread/INFO]: Time elapsed: 342 ms
[05:19:01] [Server thread/INFO]: Preparing start region for dimension minecraft:the_end
[05:19:02] [Server thread/INFO]: Preparing spawn area: 0%
[05:19:02] [Server thread/INFO]: Time elapsed: 171 ms
[05:19:02] [Server thread/INFO]: [spark] Starting background profiler...
[05:19:02] [Server thread/INFO]: Done preparing level "world" (3.226s)
[05:19:02] [Server thread/INFO]: Running delayed init tasks
[05:19:02] [Server thread/INFO]: Done (18.241s)! For help, type "help"
[05:45:15] [Watchdog Thread/ERROR]: --- DO NOT REPORT THIS TO PURPUR - THIS IS NOT A BUG OR A CRASH  - 1.21.8-2497-a49cdb9 (MC: 1.21.8) ---
[05:45:35] [Server thread/WARN]: Can't keep up! Is the server overloaded? Running 51171ms or 1023 ticks behind
[05:47:33] [Server thread/WARN]: Can't keep up! Is the server overloaded? Running 108033ms or 2160 ticks behind
[05:47:50] [Watchdog Thread/ERROR]: The server has not responded for 10 seconds! Creating thread dump
[05:47:50] [Watchdog Thread/ERROR]: ------------------------------
[05:47:51] [Watchdog Thread/ERROR]: Server thread dump (Look for plugins here before reporting to Purpur!):
[05:49:05] [Server thread/WARN]: Can't keep up! Is the server overloaded? Running 76941ms or 1538 ticks behind
[05:49:08] [Watchdog Thread/ERROR]: ------------------------------
[05:49:08] [Watchdog Thread/ERROR]: Current Thread: Server thread
[05:49:09] [Watchdog Thread/ERROR]: 	PID: 36 | Suspended: false | Native: false | State: TIMED_WAITING
[05:49:09] [Watchdog Thread/ERROR]: 	Stack:
[05:49:09] [Watchdog Thread/ERROR]: 		java.base@21.0.9/jdk.internal.misc.Unsafe.park(Native Method)
[05:49:09] [Watchdog Thread/ERROR]: 		java.base@21.0.9/java.util.concurrent.locks.LockSupport.parkNanos(LockSupport.java:269)
[05:49:09] [Watchdog Thread/ERROR]: 		net.minecraft.server.MinecraftServer.waitForTasks(MinecraftServer.java:1436)
[05:49:09] [Watchdog Thread/ERROR]: 		net.minecraft.util.thread.BlockableEventLoop.managedBlock(BlockableEventLoop.java:140)
[05:49:09] [Watchdog Thread/ERROR]: 		net.minecraft.server.MinecraftServer.managedBlock(MinecraftServer.java:1417)
[05:49:09] [Watchdog Thread/ERROR]: 		net.minecraft.server.MinecraftServer.waitUntilNextTick(MinecraftServer.java:1425)
[05:49:09] [Watchdog Thread/ERROR]: 		net.minecraft.server.MinecraftServer.runServer(MinecraftServer.java:1302)
[05:49:09] [Watchdog Thread/ERROR]: 		net.minecraft.server.MinecraftServer.lambda$spin$2(MinecraftServer.java:313)
[05:49:09] [Watchdog Thread/ERROR]: 		net.minecraft.server.MinecraftServer$$Lambda/0x00007f83bcec5c50.run(Unknown Source)
[05:49:09] [Watchdog Thread/ERROR]: 		java.base@21.0.9/java.lang.Thread.runWith(Thread.java:1596)
[05:49:09] [Watchdog Thread/ERROR]: 		java.base@21.0.9/java.lang.Thread.run(Thread.java:1583)
[05:49:09] [Watchdog Thread/ERROR]: ------------------------------
[05:49:09] [Watchdog Thread/ERROR]: --- DO NOT REPORT THIS TO PURPUR - THIS IS NOT A BUG OR A CRASH ---
[05:49:09] [Watchdog Thread/ERROR]: ------------------------------
[07:18:40] [Server thread/INFO]: Stopping server
[07:18:40] [Server thread/INFO]: Saving players
[07:18:40] [Server thread/INFO]: Saving worlds
[07:18:40] [Server thread/INFO]: Saving chunks for level 'ServerLevel[world]'/minecraft:overworld
[07:18:40] [Server thread/INFO]: [ChunkHolderManager] Waiting 60s for chunk system to halt for world 'world'
[07:18:40] [Server thread/INFO]: [ChunkHolderManager] Halted chunk system for world 'world'
[07:18:40] [Server thread/INFO]: [ChunkHolderManager] Saving all chunkholders for world 'world'
[07:18:40] [Server thread/INFO]: [ChunkHolderManager] Saved 0 block chunks, 2 entity chunks, 0 poi chunks in world 'world' in 0.01s
[07:18:40] [Server thread/INFO]: [ChunkHolderManager] Waiting 60s for chunk I/O to halt for world 'world'
[07:18:40] [Server thread/INFO]: [ChunkHolderManager] Halted I/O scheduler for world 'world'
[07:18:40] [Server thread/INFO]: Saving chunks for level 'ServerLevel[world_nether]'/minecraft:the_nether
[07:18:40] [Server thread/INFO]: [ChunkHolderManager] Waiting 60s for chunk system to halt for world 'world_nether'
[07:18:40] [Server thread/INFO]: [ChunkHolderManager] Halted chunk system for world 'world_nether'
[07:18:40] [Server thread/INFO]: [ChunkHolderManager] Saving all chunkholders for world 'world_nether'
[07:18:40] [Server thread/INFO]: [ChunkHolderManager] Saved 0 block chunks, 8 entity chunks, 0 poi chunks in world 'world_nether' in 0.01s
[07:18:40] [Server thread/INFO]: [ChunkHolderManager] Waiting 60s for chunk I/O to halt for world 'world_nether'
[07:18:40] [Server thread/INFO]: [ChunkHolderManager] Halted I/O scheduler for world 'world_nether'
[07:18:40] [Server thread/INFO]: Saving chunks for level 'ServerLevel[world_the_end]'/minecraft:the_end
[07:18:40] [Server thread/INFO]: [ChunkHolderManager] Waiting 60s for chunk system to halt for world 'world_the_end'
[07:18:40] [Server thread/INFO]: [ChunkHolderManager] Halted chunk system for world 'world_the_end'
[07:18:40] [Server thread/INFO]: [ChunkHolderManager] Saving all chunkholders for world 'world_the_end'
[07:18:40] [Server thread/INFO]: [ChunkHolderManager] Saved 0 block chunks, 10 entity chunks, 0 poi chunks in world 'world_the_end' in 0.01s
[07:18:40] [Server thread/INFO]: [ChunkHolderManager] Waiting 60s for chunk I/O to halt for world 'world_the_end'
[07:18:40] [Server thread/INFO]: [ChunkHolderManager] Halted I/O scheduler for world 'world_the_end'
[07:18:40] [Server thread/INFO]: ThreadedAnvilChunkStorage (world): All chunks are saved
[07:18:40] [Server thread/INFO]: ThreadedAnvilChunkStorage (DIM-1): All chunks are saved
[07:18:40] [Server thread/INFO]: ThreadedAnvilChunkStorage (DIM1): All chunks are saved
[07:18:40] [Server thread/INFO]: ThreadedAnvilChunkStorage: All dimensions are saved
[07:18:40] [Server thread/INFO]: Waiting for all RegionFile I/O tasks to complete...
[07:18:40] [Server thread/INFO]: All RegionFile I/O tasks to complete
[07:18:40] [Server thread/INFO]: [MoonriseCommon] Awaiting termination of worker pool for up to 60s...
[07:18:40] [Server thread/INFO]: [MoonriseCommon] Awaiting termination of I/O pool for up to 60s...
